<?xml version="1.0" encoding="UTF-8"?>
<testsuite name="MainKtTest" tests="6" skipped="0" failures="0" errors="0" timestamp="2022-05-21T18:56:41" hostname="localhost.localdomain" time="0.065">
  <properties/>
  <testcase name="should_ReturnRercentageLetterA_When_ListHaveLetterA_Test1()" classname="MainKtTest" time="0.048"/>
  <testcase name="should_ReturnRercentageLetterA_When_ListHaveLetterA_Test2()" classname="MainKtTest" time="0.002"/>
  <testcase name="should_ReturnRercentageLetterA_When_ListHaveLetterA_Test3()" classname="MainKtTest" time="0.004"/>
  <testcase name="should_ReturnRercentageLetterA_When_ListHaveLetterA_Test4()" classname="MainKtTest" time="0.002"/>
  <testcase name="should_ReturnRercentageLetterA_When_ListHaveLetterA_Test5()" classname="MainKtTest" time="0.002"/>
  <testcase name="should_ReturnRercentageLetterA_When_ListHaveLetterA_Test6()" classname="MainKtTest" time="0.002"/>
  <system-out><![CDATA[]]></system-out>
  <system-err><![CDATA[]]></system-err>
</testsuite>
